<?xml version="1.0" encoding="utf-8"?>
<TestRun id="70975857-fb2b-47a0-8777-d82d03da370b" name="HP@TUNGNGUYEN 2026-05-23 03:59:28" runUser="TUNGNGUYEN\HP" xmlns="http://microsoft.com/schemas/VisualStudio/TeamTest/2010">
  <Times creation="2026-05-23T03:59:28.1017892+07:00" queuing="2026-05-23T03:59:28.1017897+07:00" start="2026-05-23T03:59:27.0314786+07:00" finish="2026-05-23T03:59:28.1114153+07:00" />
  <TestSettings name="default" id="90ddec80-9524-4b8b-80d3-e9e69453a4af">
    <Deployment runDeploymentRoot="HP_TUNGNGUYEN_2026-05-23_03_59_28" />
  </TestSettings>
  <Results>
    <UnitTestResult executionId="00318c49-fbaa-426e-a861-6643f59d7553" testId="d4833d70-3172-3830-509f-1962168890af" testName="Tests.UnitTest1.Test1" computerName="TUNGNGUYEN" duration="00:00:00.0028173" startTime="2026-05-23T03:59:27.9264929+07:00" endTime="2026-05-23T03:59:27.9265248+07:00" testType="13cdc9d9-ddb5-4fa4-a97d-d965ccfc6d4b" outcome="Passed" testListId="8c84fa94-04c1-424b-9868-57a2d4851a1d" relativeResultsDirectory="00318c49-fbaa-426e-a861-6643f59d7553" />
  </Results>
  <TestDefinitions>
    <UnitTest name="Tests.UnitTest1.Test1" storage="f:\fpt\ky8_su26\exe201\product\theoldpavement\tests\tests\theoldpavement.tests\bin\debug\net9.0\tests.dll" id="d4833d70-3172-3830-509f-1962168890af">
      <Execution id="00318c49-fbaa-426e-a861-6643f59d7553" />
      <TestMethod codeBase="F:\FPT\Ky8_SU26\EXE201\Product\TheOldPavement\tests\Tests\TheOldPavement.Tests\bin\Debug\net9.0\Tests.dll" adapterTypeName="executor://xunit/VsTestRunner2/netcoreapp" className="Tests.UnitTest1" name="Test1" />
    </UnitTest>
  </TestDefinitions>
  <TestEntries>
    <TestEntry testId="d4833d70-3172-3830-509f-1962168890af" executionId="00318c49-fbaa-426e-a861-6643f59d7553" testListId="8c84fa94-04c1-424b-9868-57a2d4851a1d" />
  </TestEntries>
  <TestLists>
    <TestList name="Results Not in a List" id="8c84fa94-04c1-424b-9868-57a2d4851a1d" />
    <TestList name="All Loaded Results" id="19431567-8539-422a-85d7-44ee4e166bda" />
  </TestLists>
  <ResultSummary outcome="Completed">
    <Counters total="1" executed="1" passed="1" failed="0" error="0" timeout="0" aborted="0" inconclusive="0" passedButRunAborted="0" notRunnable="0" notExecuted="0" disconnected="0" warning="0" completed="0" inProgress="0" pending="0" />
    <Output>
      <StdOut>[xUnit.net 00:00:00.00] xUnit.net VSTest Adapter v2.8.2+699d445a1a (64-bit .NET 9.0.13)&#xD;
[xUnit.net 00:00:00.11]   Discovering: Tests&#xD;
[xUnit.net 00:00:00.15]   Discovered:  Tests&#xD;
[xUnit.net 00:00:00.16]   Starting:    Tests&#xD;
[xUnit.net 00:00:00.22]   Finished:    Tests&#xD;
</StdOut>
    </Output>
  </ResultSummary>
</TestRun>